Generated at 2015-03-03 11:10:25 +0100
SyntaxError: C:/Users/seqan-dev/dev/chef-src/chef-repo/.chef/local-mode-cache/cache/cookbooks/seqan-nightly/attributes/default.rb:22: Invalid escape character syntax
...tly']['program_files_win32']}\CMake\bin"
...                               ^
C:/opscode/chef/embedded/apps/chef/lib/chef/mixin/from_file.rb:30:in `instance_eval'
C:/opscode/chef/embedded/apps/chef/lib/chef/mixin/from_file.rb:30:in `from_file'
C:/opscode/chef/embedded/apps/chef/lib/chef/dsl/include_attribute.rb:39:in `block in include_attribute'
C:/opscode/chef/embedded/apps/chef/lib/chef/dsl/include_attribute.rb:31:in `each'
C:/opscode/chef/embedded/apps/chef/lib/chef/dsl/include_attribute.rb:31:in `include_attribute'
C:/opscode/chef/embedded/apps/chef/lib/chef/run_context/cookbook_compiler.rb:181:in `load_attribute_file'
C:/opscode/chef/embedded/apps/chef/lib/chef/run_context/cookbook_compiler.rb:170:in `load_attributes_from_cookbook'
C:/opscode/chef/embedded/apps/chef/lib/chef/run_context/cookbook_compiler.rb:110:in `block in compile_attributes'
C:/opscode/chef/embedded/apps/chef/lib/chef/run_context/cookbook_compiler.rb:109:in `each'
C:/opscode/chef/embedded/apps/chef/lib/chef/run_context/cookbook_compiler.rb:109:in `compile_attributes'
C:/opscode/chef/embedded/apps/chef/lib/chef/run_context/cookbook_compiler.rb:72:in `compile'
C:/opscode/chef/embedded/apps/chef/lib/chef/run_context.rb:92:in `load'
C:/opscode/chef/embedded/apps/chef/lib/chef/policy_builder/expand_node_object.rb:73:in `setup_run_context'
C:/opscode/chef/embedded/apps/chef/lib/chef/client.rb:235:in `setup_run_context'
C:/opscode/chef/embedded/apps/chef/lib/chef/client.rb:397:in `run'
C:/opscode/chef/embedded/apps/chef/lib/chef/application.rb:243:in `run_with_graceful_exit_option'
C:/opscode/chef/embedded/apps/chef/lib/chef/application.rb:220:in `block in run_chef_client'
C:/opscode/chef/embedded/apps/chef/lib/chef/local_mode.rb:38:in `with_server_connectivity'
C:/opscode/chef/embedded/apps/chef/lib/chef/application.rb:201:in `run_chef_client'
C:/opscode/chef/embedded/apps/chef/lib/chef/application/client.rb:355:in `block in interval_run_chef_client'
C:/opscode/chef/embedded/apps/chef/lib/chef/application/client.rb:345:in `loop'
C:/opscode/chef/embedded/apps/chef/lib/chef/application/client.rb:345:in `interval_run_chef_client'
C:/opscode/chef/embedded/apps/chef/lib/chef/application/client.rb:335:in `run_application'
C:/opscode/chef/embedded/apps/chef/lib/chef/application.rb:58:in `run'
C:/opscode/chef/embedded/apps/chef/bin/chef-client:26:in `<top (required)>'
C:/opscode/chef/bin/chef-client:52:in `load'
C:/opscode/chef/bin/chef-client:52:in `<main>'